{"status":404,"response":{"req":{"method":"DELETE","url":"http://localhost:5000/ships/6","headers":{"user-agent":"node-superagent/3.8.1"}},"header":{"x-powered-by":"Express","vary":"Origin, Accept-Encoding","access-control-allow-credentials":"true","cache-control":"no-cache","pragma":"no-cache","expires":"-1","x-content-type-options":"nosniff","content-type":"application/json; charset=utf-8","content-length":"2","etag":"W/\"2-vyGp6PvFo4RvsFtPoIWeCReyIC8\"","date":"Fri, 24 Nov 2017 09:16:32 GMT","connection":"close"},"status":404,"text":"{}"},"level":"error"}
{"status":404,"response":{"req":{"method":"DELETE","url":"http://localhost:5000/ships/6","headers":{"user-agent":"node-superagent/3.8.1"}},"header":{"x-powered-by":"Express","vary":"Origin, Accept-Encoding","access-control-allow-credentials":"true","cache-control":"no-cache","pragma":"no-cache","expires":"-1","x-content-type-options":"nosniff","content-type":"application/json; charset=utf-8","content-length":"2","etag":"W/\"2-vyGp6PvFo4RvsFtPoIWeCReyIC8\"","date":"Fri, 24 Nov 2017 09:16:52 GMT","connection":"close"},"status":404,"text":"{}"},"level":"error"}
{"level":"error"}
{"level":"error"}
{"level":"error"}
{"status":404,"response":{"req":{"method":"GET","url":"http://localhost:5000/ships/undefined","headers":{"user-agent":"node-superagent/3.8.1"}},"header":{"x-powered-by":"Express","vary":"Origin, Accept-Encoding","access-control-allow-credentials":"true","cache-control":"no-cache","pragma":"no-cache","expires":"-1","x-content-type-options":"nosniff","content-type":"application/json; charset=utf-8","content-length":"2","etag":"W/\"2-vyGp6PvFo4RvsFtPoIWeCReyIC8\"","date":"Fri, 24 Nov 2017 09:43:49 GMT","connection":"close"},"status":404,"text":"{}"},"level":"error"}
{"status":404,"response":{"req":{"method":"GET","url":"http://localhost:5000/ships/null","headers":{"user-agent":"node-superagent/3.8.1"}},"header":{"x-powered-by":"Express","vary":"Origin, Accept-Encoding","access-control-allow-credentials":"true","cache-control":"no-cache","pragma":"no-cache","expires":"-1","x-content-type-options":"nosniff","content-type":"application/json; charset=utf-8","content-length":"2","etag":"W/\"2-vyGp6PvFo4RvsFtPoIWeCReyIC8\"","date":"Fri, 24 Nov 2017 09:43:49 GMT","connection":"close"},"status":404,"text":"{}"},"level":"error"}
{"level":"error"}
{"status":404,"response":{"req":{"method":"GET","url":"http://localhost:5000/ships/null","headers":{"user-agent":"node-superagent/3.8.1"}},"header":{"x-powered-by":"Express","vary":"Origin, Accept-Encoding","access-control-allow-credentials":"true","cache-control":"no-cache","pragma":"no-cache","expires":"-1","x-content-type-options":"nosniff","content-type":"application/json; charset=utf-8","content-length":"2","etag":"W/\"2-vyGp6PvFo4RvsFtPoIWeCReyIC8\"","date":"Fri, 24 Nov 2017 09:44:08 GMT","connection":"close"},"status":404,"text":"{}"},"level":"error"}
{"status":404,"response":{"req":{"method":"GET","url":"http://localhost:5000/ships/null","headers":{"user-agent":"node-superagent/3.8.1"}},"header":{"x-powered-by":"Express","vary":"Origin, Accept-Encoding","access-control-allow-credentials":"true","cache-control":"no-cache","pragma":"no-cache","expires":"-1","x-content-type-options":"nosniff","content-type":"application/json; charset=utf-8","content-length":"2","etag":"W/\"2-vyGp6PvFo4RvsFtPoIWeCReyIC8\"","date":"Fri, 24 Nov 2017 09:44:09 GMT","connection":"close"},"status":404,"text":"{}"},"level":"error"}
{"status":404,"response":{"req":{"method":"GET","url":"http://localhost:5000/ships/null","headers":{"user-agent":"node-superagent/3.8.1"}},"header":{"x-powered-by":"Express","vary":"Origin, Accept-Encoding","access-control-allow-credentials":"true","cache-control":"no-cache","pragma":"no-cache","expires":"-1","x-content-type-options":"nosniff","content-type":"application/json; charset=utf-8","content-length":"2","etag":"W/\"2-vyGp6PvFo4RvsFtPoIWeCReyIC8\"","date":"Fri, 24 Nov 2017 09:44:13 GMT","connection":"close"},"status":404,"text":"{}"},"level":"error"}
{"status":404,"response":{"req":{"method":"GET","url":"http://localhost:5000/ships/null","headers":{"user-agent":"node-superagent/3.8.1"}},"header":{"x-powered-by":"Express","vary":"Origin, Accept-Encoding","access-control-allow-credentials":"true","cache-control":"no-cache","pragma":"no-cache","expires":"-1","x-content-type-options":"nosniff","content-type":"application/json; charset=utf-8","content-length":"2","etag":"W/\"2-vyGp6PvFo4RvsFtPoIWeCReyIC8\"","date":"Fri, 24 Nov 2017 10:04:11 GMT","connection":"close"},"status":404,"text":"{}"},"level":"error"}
{"status":404,"response":{"req":{"method":"GET","url":"http://localhost:5000/ships/null","headers":{"user-agent":"node-superagent/3.8.1"}},"header":{"x-powered-by":"Express","vary":"Origin, Accept-Encoding","access-control-allow-credentials":"true","cache-control":"no-cache","pragma":"no-cache","expires":"-1","x-content-type-options":"nosniff","content-type":"application/json; charset=utf-8","content-length":"2","etag":"W/\"2-vyGp6PvFo4RvsFtPoIWeCReyIC8\"","date":"Fri, 24 Nov 2017 10:13:59 GMT","connection":"close"},"status":404,"text":"{}"},"level":"error"}
{"status":404,"response":{"req":{"method":"GET","url":"http://localhost:5000/ships/undefined","headers":{"user-agent":"node-superagent/3.8.1"}},"header":{"x-powered-by":"Express","vary":"Origin, Accept-Encoding","access-control-allow-credentials":"true","cache-control":"no-cache","pragma":"no-cache","expires":"-1","x-content-type-options":"nosniff","content-type":"application/json; charset=utf-8","content-length":"2","etag":"W/\"2-vyGp6PvFo4RvsFtPoIWeCReyIC8\"","date":"Fri, 24 Nov 2017 10:16:06 GMT","connection":"close"},"status":404,"text":"{}"},"level":"error"}
{"status":404,"response":{"req":{"method":"GET","url":"http://localhost:5000/ships/null","headers":{"user-agent":"node-superagent/3.8.1"}},"header":{"x-powered-by":"Express","vary":"Origin, Accept-Encoding","access-control-allow-credentials":"true","cache-control":"no-cache","pragma":"no-cache","expires":"-1","x-content-type-options":"nosniff","content-type":"application/json; charset=utf-8","content-length":"2","etag":"W/\"2-vyGp6PvFo4RvsFtPoIWeCReyIC8\"","date":"Fri, 24 Nov 2017 10:16:06 GMT","connection":"close"},"status":404,"text":"{}"},"level":"error"}
{"level":"error"}
{"status":404,"response":{"req":{"method":"GET","url":"http://localhost:5000/ships/null","headers":{"user-agent":"node-superagent/3.8.1"}},"header":{"x-powered-by":"Express","vary":"Origin, Accept-Encoding","access-control-allow-credentials":"true","cache-control":"no-cache","pragma":"no-cache","expires":"-1","x-content-type-options":"nosniff","content-type":"application/json; charset=utf-8","content-length":"2","etag":"W/\"2-vyGp6PvFo4RvsFtPoIWeCReyIC8\"","date":"Fri, 24 Nov 2017 10:19:04 GMT","connection":"close"},"status":404,"text":"{}"},"level":"error"}
{"status":404,"response":{"req":{"method":"GET","url":"http://localhost:5000/ships/undefined","headers":{"user-agent":"node-superagent/3.8.1"}},"header":{"x-powered-by":"Express","vary":"Origin, Accept-Encoding","access-control-allow-credentials":"true","cache-control":"no-cache","pragma":"no-cache","expires":"-1","x-content-type-options":"nosniff","content-type":"application/json; charset=utf-8","content-length":"2","etag":"W/\"2-vyGp6PvFo4RvsFtPoIWeCReyIC8\"","date":"Fri, 24 Nov 2017 10:19:12 GMT","connection":"close"},"status":404,"text":"{}"},"level":"error"}
{"status":404,"response":{"req":{"method":"GET","url":"http://localhost:5000/ships/null","headers":{"user-agent":"node-superagent/3.8.1"}},"header":{"x-powered-by":"Express","vary":"Origin, Accept-Encoding","access-control-allow-credentials":"true","cache-control":"no-cache","pragma":"no-cache","expires":"-1","x-content-type-options":"nosniff","content-type":"application/json; charset=utf-8","content-length":"2","etag":"W/\"2-vyGp6PvFo4RvsFtPoIWeCReyIC8\"","date":"Fri, 24 Nov 2017 10:19:12 GMT","connection":"close"},"status":404,"text":"{}"},"level":"error"}
{"level":"error"}
{"status":404,"response":{"req":{"method":"GET","url":"http://localhost:5000/ships/undefined","headers":{"user-agent":"node-superagent/3.8.1"}},"header":{"x-powered-by":"Express","vary":"Origin, Accept-Encoding","access-control-allow-credentials":"true","cache-control":"no-cache","pragma":"no-cache","expires":"-1","x-content-type-options":"nosniff","content-type":"application/json; charset=utf-8","content-length":"2","etag":"W/\"2-vyGp6PvFo4RvsFtPoIWeCReyIC8\"","date":"Fri, 24 Nov 2017 10:19:57 GMT","connection":"close"},"status":404,"text":"{}"},"level":"error"}
{"status":404,"response":{"req":{"method":"GET","url":"http://localhost:5000/ships/null","headers":{"user-agent":"node-superagent/3.8.1"}},"header":{"x-powered-by":"Express","vary":"Origin, Accept-Encoding","access-control-allow-credentials":"true","cache-control":"no-cache","pragma":"no-cache","expires":"-1","x-content-type-options":"nosniff","content-type":"application/json; charset=utf-8","content-length":"2","etag":"W/\"2-vyGp6PvFo4RvsFtPoIWeCReyIC8\"","date":"Fri, 24 Nov 2017 10:19:57 GMT","connection":"close"},"status":404,"text":"{}"},"level":"error"}
{"level":"error"}
{"status":404,"response":{"req":{"method":"GET","url":"http://localhost:5000/ships/undefined","headers":{"user-agent":"node-superagent/3.8.1"}},"header":{"x-powered-by":"Express","vary":"Origin, Accept-Encoding","access-control-allow-credentials":"true","cache-control":"no-cache","pragma":"no-cache","expires":"-1","x-content-type-options":"nosniff","content-type":"application/json; charset=utf-8","content-length":"2","etag":"W/\"2-vyGp6PvFo4RvsFtPoIWeCReyIC8\"","date":"Fri, 24 Nov 2017 10:23:19 GMT","connection":"close"},"status":404,"text":"{}"},"level":"error"}
{"status":404,"response":{"req":{"method":"GET","url":"http://localhost:5000/ships/null","headers":{"user-agent":"node-superagent/3.8.1"}},"header":{"x-powered-by":"Express","vary":"Origin, Accept-Encoding","access-control-allow-credentials":"true","cache-control":"no-cache","pragma":"no-cache","expires":"-1","x-content-type-options":"nosniff","content-type":"application/json; charset=utf-8","content-length":"2","etag":"W/\"2-vyGp6PvFo4RvsFtPoIWeCReyIC8\"","date":"Fri, 24 Nov 2017 10:23:19 GMT","connection":"close"},"status":404,"text":"{}"},"level":"error"}
{"level":"error"}
{"status":404,"response":{"req":{"method":"GET","url":"http://localhost:5000/ships/undefined","headers":{"user-agent":"node-superagent/3.8.1"}},"header":{"x-powered-by":"Express","vary":"Origin, Accept-Encoding","access-control-allow-credentials":"true","cache-control":"no-cache","pragma":"no-cache","expires":"-1","x-content-type-options":"nosniff","content-type":"application/json; charset=utf-8","content-length":"2","etag":"W/\"2-vyGp6PvFo4RvsFtPoIWeCReyIC8\"","date":"Fri, 24 Nov 2017 10:26:28 GMT","connection":"close"},"status":404,"text":"{}"},"level":"error"}
{"status":404,"response":{"req":{"method":"GET","url":"http://localhost:5000/ships/null","headers":{"user-agent":"node-superagent/3.8.1"}},"header":{"x-powered-by":"Express","vary":"Origin, Accept-Encoding","access-control-allow-credentials":"true","cache-control":"no-cache","pragma":"no-cache","expires":"-1","x-content-type-options":"nosniff","content-type":"application/json; charset=utf-8","content-length":"2","etag":"W/\"2-vyGp6PvFo4RvsFtPoIWeCReyIC8\"","date":"Fri, 24 Nov 2017 10:26:28 GMT","connection":"close"},"status":404,"text":"{}"},"level":"error"}
{"level":"error"}
{"status":404,"response":{"req":{"method":"GET","url":"http://localhost:5000/ships/undefined","headers":{"user-agent":"node-superagent/3.8.1"}},"header":{"x-powered-by":"Express","vary":"Origin, Accept-Encoding","access-control-allow-credentials":"true","cache-control":"no-cache","pragma":"no-cache","expires":"-1","x-content-type-options":"nosniff","content-type":"application/json; charset=utf-8","content-length":"2","etag":"W/\"2-vyGp6PvFo4RvsFtPoIWeCReyIC8\"","date":"Fri, 24 Nov 2017 10:29:24 GMT","connection":"close"},"status":404,"text":"{}"},"level":"error"}
{"status":404,"response":{"req":{"method":"GET","url":"http://localhost:5000/ships/null","headers":{"user-agent":"node-superagent/3.8.1"}},"header":{"x-powered-by":"Express","vary":"Origin, Accept-Encoding","access-control-allow-credentials":"true","cache-control":"no-cache","pragma":"no-cache","expires":"-1","x-content-type-options":"nosniff","content-type":"application/json; charset=utf-8","content-length":"2","etag":"W/\"2-vyGp6PvFo4RvsFtPoIWeCReyIC8\"","date":"Fri, 24 Nov 2017 10:29:24 GMT","connection":"close"},"status":404,"text":"{}"},"level":"error"}
{"level":"error"}
{"status":404,"response":{"req":{"method":"GET","url":"http://localhost:5000/ships/undefined","headers":{"user-agent":"node-superagent/3.8.1"}},"header":{"x-powered-by":"Express","vary":"Origin, Accept-Encoding","access-control-allow-credentials":"true","cache-control":"no-cache","pragma":"no-cache","expires":"-1","x-content-type-options":"nosniff","content-type":"application/json; charset=utf-8","content-length":"2","etag":"W/\"2-vyGp6PvFo4RvsFtPoIWeCReyIC8\"","date":"Fri, 24 Nov 2017 10:31:08 GMT","connection":"close"},"status":404,"text":"{}"},"level":"error"}
{"status":404,"response":{"req":{"method":"GET","url":"http://localhost:5000/ships/null","headers":{"user-agent":"node-superagent/3.8.1"}},"header":{"x-powered-by":"Express","vary":"Origin, Accept-Encoding","access-control-allow-credentials":"true","cache-control":"no-cache","pragma":"no-cache","expires":"-1","x-content-type-options":"nosniff","content-type":"application/json; charset=utf-8","content-length":"2","etag":"W/\"2-vyGp6PvFo4RvsFtPoIWeCReyIC8\"","date":"Fri, 24 Nov 2017 10:31:08 GMT","connection":"close"},"status":404,"text":"{}"},"level":"error"}
{"level":"error"}
{"status":404,"response":{"req":{"method":"GET","url":"http://localhost:5000/ships/undefined","headers":{"user-agent":"node-superagent/3.8.1"}},"header":{"x-powered-by":"Express","vary":"Origin, Accept-Encoding","access-control-allow-credentials":"true","cache-control":"no-cache","pragma":"no-cache","expires":"-1","x-content-type-options":"nosniff","content-type":"application/json; charset=utf-8","content-length":"2","etag":"W/\"2-vyGp6PvFo4RvsFtPoIWeCReyIC8\"","date":"Fri, 24 Nov 2017 10:36:13 GMT","connection":"close"},"status":404,"text":"{}"},"level":"error"}
{"status":404,"response":{"req":{"method":"GET","url":"http://localhost:5000/ships/null","headers":{"user-agent":"node-superagent/3.8.1"}},"header":{"x-powered-by":"Express","vary":"Origin, Accept-Encoding","access-control-allow-credentials":"true","cache-control":"no-cache","pragma":"no-cache","expires":"-1","x-content-type-options":"nosniff","content-type":"application/json; charset=utf-8","content-length":"2","etag":"W/\"2-vyGp6PvFo4RvsFtPoIWeCReyIC8\"","date":"Fri, 24 Nov 2017 10:36:13 GMT","connection":"close"},"status":404,"text":"{}"},"level":"error"}
{"level":"error"}
{"status":404,"response":{"req":{"method":"GET","url":"http://localhost:5000/ships/undefined","headers":{"user-agent":"node-superagent/3.8.1"}},"header":{"x-powered-by":"Express","vary":"Origin, Accept-Encoding","access-control-allow-credentials":"true","cache-control":"no-cache","pragma":"no-cache","expires":"-1","x-content-type-options":"nosniff","content-type":"application/json; charset=utf-8","content-length":"2","etag":"W/\"2-vyGp6PvFo4RvsFtPoIWeCReyIC8\"","date":"Fri, 24 Nov 2017 10:53:44 GMT","connection":"close"},"status":404,"text":"{}"},"level":"error"}
{"status":404,"response":{"req":{"method":"GET","url":"http://localhost:5000/ships/null","headers":{"user-agent":"node-superagent/3.8.1"}},"header":{"x-powered-by":"Express","vary":"Origin, Accept-Encoding","access-control-allow-credentials":"true","cache-control":"no-cache","pragma":"no-cache","expires":"-1","x-content-type-options":"nosniff","content-type":"application/json; charset=utf-8","content-length":"2","etag":"W/\"2-vyGp6PvFo4RvsFtPoIWeCReyIC8\"","date":"Fri, 24 Nov 2017 10:53:44 GMT","connection":"close"},"status":404,"text":"{}"},"level":"error"}
{"level":"error"}
{"status":404,"response":{"req":{"method":"GET","url":"http://localhost:5000/ships/undefined","headers":{"user-agent":"node-superagent/3.8.1"}},"header":{"x-powered-by":"Express","vary":"Origin, Accept-Encoding","access-control-allow-credentials":"true","cache-control":"no-cache","pragma":"no-cache","expires":"-1","x-content-type-options":"nosniff","content-type":"application/json; charset=utf-8","content-length":"2","etag":"W/\"2-vyGp6PvFo4RvsFtPoIWeCReyIC8\"","date":"Fri, 24 Nov 2017 11:15:17 GMT","connection":"close"},"status":404,"text":"{}"},"level":"error"}
{"status":404,"response":{"req":{"method":"GET","url":"http://localhost:5000/ships/null","headers":{"user-agent":"node-superagent/3.8.1"}},"header":{"x-powered-by":"Express","vary":"Origin, Accept-Encoding","access-control-allow-credentials":"true","cache-control":"no-cache","pragma":"no-cache","expires":"-1","x-content-type-options":"nosniff","content-type":"application/json; charset=utf-8","content-length":"2","etag":"W/\"2-vyGp6PvFo4RvsFtPoIWeCReyIC8\"","date":"Fri, 24 Nov 2017 11:15:17 GMT","connection":"close"},"status":404,"text":"{}"},"level":"error"}
{"level":"error"}
{"status":404,"response":{"req":{"method":"GET","url":"http://localhost:5000/ships/undefined","headers":{"user-agent":"node-superagent/3.8.1"}},"header":{"x-powered-by":"Express","vary":"Origin, Accept-Encoding","access-control-allow-credentials":"true","cache-control":"no-cache","pragma":"no-cache","expires":"-1","x-content-type-options":"nosniff","content-type":"application/json; charset=utf-8","content-length":"2","etag":"W/\"2-vyGp6PvFo4RvsFtPoIWeCReyIC8\"","date":"Fri, 24 Nov 2017 11:17:06 GMT","connection":"close"},"status":404,"text":"{}"},"level":"error"}
{"status":404,"response":{"req":{"method":"GET","url":"http://localhost:5000/ships/null","headers":{"user-agent":"node-superagent/3.8.1"}},"header":{"x-powered-by":"Express","vary":"Origin, Accept-Encoding","access-control-allow-credentials":"true","cache-control":"no-cache","pragma":"no-cache","expires":"-1","x-content-type-options":"nosniff","content-type":"application/json; charset=utf-8","content-length":"2","etag":"W/\"2-vyGp6PvFo4RvsFtPoIWeCReyIC8\"","date":"Fri, 24 Nov 2017 11:17:06 GMT","connection":"close"},"status":404,"text":"{}"},"level":"error"}
{"level":"error"}
{"status":404,"response":{"req":{"method":"GET","url":"http://localhost:5000/ships/undefined","headers":{"user-agent":"node-superagent/3.8.1"}},"header":{"x-powered-by":"Express","vary":"Origin, Accept-Encoding","access-control-allow-credentials":"true","cache-control":"no-cache","pragma":"no-cache","expires":"-1","x-content-type-options":"nosniff","content-type":"application/json; charset=utf-8","content-length":"2","etag":"W/\"2-vyGp6PvFo4RvsFtPoIWeCReyIC8\"","date":"Fri, 24 Nov 2017 11:32:35 GMT","connection":"close"},"status":404,"text":"{}"},"level":"error"}
{"status":404,"response":{"req":{"method":"GET","url":"http://localhost:5000/ships/null","headers":{"user-agent":"node-superagent/3.8.1"}},"header":{"x-powered-by":"Express","vary":"Origin, Accept-Encoding","access-control-allow-credentials":"true","cache-control":"no-cache","pragma":"no-cache","expires":"-1","x-content-type-options":"nosniff","content-type":"application/json; charset=utf-8","content-length":"2","etag":"W/\"2-vyGp6PvFo4RvsFtPoIWeCReyIC8\"","date":"Fri, 24 Nov 2017 11:32:35 GMT","connection":"close"},"status":404,"text":"{}"},"level":"error"}
{"level":"error"}
{"level":"error"}
{"level":"error"}
{"level":"error"}
{"level":"error"}
{"level":"error"}
{"status":404,"response":{"req":{"method":"GET","url":"http://localhost:5000/ships/undefined","headers":{"user-agent":"node-superagent/3.8.1"}},"header":{"x-powered-by":"Express","vary":"Origin, Accept-Encoding","access-control-allow-credentials":"true","cache-control":"no-cache","pragma":"no-cache","expires":"-1","x-content-type-options":"nosniff","content-type":"application/json; charset=utf-8","content-length":"2","etag":"W/\"2-vyGp6PvFo4RvsFtPoIWeCReyIC8\"","date":"Fri, 24 Nov 2017 12:08:04 GMT","connection":"close"},"status":404,"text":"{}"},"level":"error"}
{"status":404,"response":{"req":{"method":"GET","url":"http://localhost:5000/ships/null","headers":{"user-agent":"node-superagent/3.8.1"}},"header":{"x-powered-by":"Express","vary":"Origin, Accept-Encoding","access-control-allow-credentials":"true","cache-control":"no-cache","pragma":"no-cache","expires":"-1","x-content-type-options":"nosniff","content-type":"application/json; charset=utf-8","content-length":"2","etag":"W/\"2-vyGp6PvFo4RvsFtPoIWeCReyIC8\"","date":"Fri, 24 Nov 2017 12:08:04 GMT","connection":"close"},"status":404,"text":"{}"},"level":"error"}
{"level":"error"}
{"level":"error"}
{"level":"error"}
{"level":"error"}
{"level":"error"}
{"level":"error"}
{"level":"error"}
{"level":"error"}
{"level":"error"}
{"level":"error"}
{"level":"error"}
{"level":"error"}
{"level":"error"}
{"level":"error"}
{"level":"error"}
{"level":"error"}
{"level":"error"}
{"level":"error"}
{"level":"error"}
{"level":"error"}
{"level":"error"}
{"level":"error"}
{"level":"error"}
{"level":"error"}
{"level":"error"}
{"level":"error"}
{"level":"error"}
{"level":"error"}
{"level":"error"}
{"message":"woot","level":"error"}
{"message":"woot 3","level":"error"}
{"status":404,"response":{"req":{"method":"GET","url":"http://localhost:5000/factions/12","headers":{"user-agent":"node-superagent/3.8.1"}},"header":{"x-powered-by":"Express","vary":"Origin, Accept-Encoding","access-control-allow-credentials":"true","cache-control":"no-cache","pragma":"no-cache","expires":"-1","x-content-type-options":"nosniff","content-type":"application/json; charset=utf-8","content-length":"2","etag":"W/\"2-vyGp6PvFo4RvsFtPoIWeCReyIC8\"","date":"Fri, 24 Nov 2017 13:13:45 GMT","connection":"close"},"status":404,"text":"{}"},"level":"error"}
{"level":"error"}
{"level":"error"}
{"level":"error"}
{"level":"error"}
{"level":"error"}
{"level":"error"}
{"level":"error"}
{"level":"error"}
{"level":"error"}
{"level":"error"}
{"level":"error"}
{"level":"error"}
